2023-08-03T00:05:55.296+05:30  INFO 3316 --- [RMI TCP Connection(210)-127.0.0.1] inMXBeanRegistrar$SpringApplicationAdmin : Application shutdown requested.
2023-08-03T00:05:55.340+05:30  INFO 3316 --- [RMI TCP Connection(210)-127.0.0.1] o.apache.catalina.core.StandardService   : Stopping service [Tomcat]
2023-08-03T00:05:55.341+05:30  INFO 3316 --- [RMI TCP Connection(210)-127.0.0.1] o.a.c.c.C.[Tomcat].[localhost].[/]       : Destroying Spring FrameworkServlet 'dispatcherServlet'
2023-08-03T00:05:55.356+05:30  INFO 3316 --- [RMI TCP Connection(210)-127.0.0.1] com.zaxxer.hikari.HikariDataSource       : HikariPool-17 - Shutdown initiated...
2023-08-03T00:05:55.362+05:30  INFO 3316 --- [RMI TCP Connection(210)-127.0.0.1] com.zaxxer.hikari.HikariDataSource       : HikariPool-17 - Shutdown completed.
2023-08-03T06:45:25.410+05:30  INFO 8236 --- [restartedMain] c.i.s.SpringbootJdbcApplication          : Starting SpringbootJdbcApplication using Java 17.0.7 with PID 8236 (C:\Users\jerrish.carol_isteer\Documents\workspace-spring-tool-suite-4-4.18.1.RELEASE\springbootjdbc\target\classes started by jerrish.carol_isteer in C:\Users\jerrish.carol_isteer\Documents\workspace-spring-tool-suite-4-4.18.1.RELEASE\springbootjdbc)
2023-08-03T06:45:25.413+05:30  INFO 8236 --- [restartedMain] c.i.s.SpringbootJdbcApplication          : No active profile set, falling back to 1 default profile: "default"
2023-08-03T06:45:25.459+05:30  INFO 8236 --- [restartedMain] .e.DevToolsPropertyDefaultsPostProcessor : Devtools property defaults active! Set 'spring.devtools.add-properties' to 'false' to disable
2023-08-03T06:45:25.459+05:30  INFO 8236 --- [restartedMain] .e.DevToolsPropertyDefaultsPostProcessor : For additional web related logging consider setting the 'logging.level.web' property to 'DEBUG'
2023-08-03T06:45:26.251+05:30  INFO 8236 --- [restartedMain] .s.d.r.c.RepositoryConfigurationDelegate : Bootstrapping Spring Data JDBC repositories in DEFAULT mode.
2023-08-03T06:45:26.270+05:30  INFO 8236 --- [restartedMain] .s.d.r.c.RepositoryConfigurationDelegate : Finished Spring Data repository scanning in 15 ms. Found 0 JDBC repository interfaces.
2023-08-03T06:45:26.722+05:30  INFO 8236 --- [restartedMain] o.s.b.w.embedded.tomcat.TomcatWebServer  : Tomcat initialized with port(s): 8080 (http)
2023-08-03T06:45:26.730+05:30  INFO 8236 --- [restartedMain] o.apache.catalina.core.StandardService   : Starting service [Tomcat]
2023-08-03T06:45:26.731+05:30  INFO 8236 --- [restartedMain] o.apache.catalina.core.StandardEngine    : Starting Servlet engine: [Apache Tomcat/10.1.8]
2023-08-03T06:45:26.792+05:30  INFO 8236 --- [restartedMain] o.a.c.c.C.[Tomcat].[localhost].[/]       : Initializing Spring embedded WebApplicationContext
2023-08-03T06:45:26.792+05:30  INFO 8236 --- [restartedMain] w.s.c.ServletWebServerApplicationContext : Root WebApplicationContext: initialization completed in 1332 ms
2023-08-03T06:45:27.235+05:30  INFO 8236 --- [restartedMain] com.zaxxer.hikari.HikariDataSource       : HikariPool-1 - Starting...
2023-08-03T06:45:27.511+05:30  INFO 8236 --- [restartedMain] com.zaxxer.hikari.pool.HikariPool        : HikariPool-1 - Added connection com.mysql.cj.jdbc.ConnectionImpl@1b97c84
2023-08-03T06:45:27.513+05:30  INFO 8236 --- [restartedMain] com.zaxxer.hikari.HikariDataSource       : HikariPool-1 - Start completed.
2023-08-03T06:45:27.632+05:30  WARN 8236 --- [restartedMain] o.s.b.d.a.OptionalLiveReloadServer       : Unable to start LiveReload server
2023-08-03T06:45:27.667+05:30  INFO 8236 --- [restartedMain] o.s.b.w.embedded.tomcat.TomcatWebServer  : Tomcat started on port(s): 8080 (http) with context path ''
2023-08-03T06:45:27.678+05:30  INFO 8236 --- [restartedMain] c.i.s.SpringbootJdbcApplication          : Started SpringbootJdbcApplication in 2.636 seconds (process running for 3.383)
2023-08-03T06:46:19.802+05:30  INFO 8236 --- [http-nio-8080-exec-2] o.a.c.c.C.[Tomcat].[localhost].[/]       : Initializing Spring DispatcherServlet 'dispatcherServlet'
2023-08-03T06:46:19.803+05:30  INFO 8236 --- [http-nio-8080-exec-2] o.s.web.servlet.DispatcherServlet        : Initializing Servlet 'dispatcherServlet'
2023-08-03T06:46:19.804+05:30  INFO 8236 --- [http-nio-8080-exec-2] o.s.web.servlet.DispatcherServlet        : Completed initialization in 1 ms
2023-08-03T06:46:19.947+05:30  INFO 8236 --- [http-nio-8080-exec-2] c.i.springbootjdbc.dao.EmployeeDaoImpl   : Id: 1 Status Code: 1 Message: The requested data is found and displayed. Layer: Employee DAO Layer
2023-08-03T06:46:19.948+05:30  INFO 8236 --- [http-nio-8080-exec-2] c.i.springbootjdbc.dao.EmployeeDaoImpl   : Id: 2 Status Code: 1 Message: The requested data is found and displayed. Layer: Employee DAO Layer
2023-08-03T06:46:19.948+05:30  INFO 8236 --- [http-nio-8080-exec-2] c.i.springbootjdbc.dao.EmployeeDaoImpl   : Id: 5 Status Code: 1 Message: The requested data is found and displayed. Layer: Employee DAO Layer
2023-08-03T06:46:19.949+05:30  INFO 8236 --- [http-nio-8080-exec-2] c.i.springbootjdbc.dao.EmployeeDaoImpl   : Id: 6 Status Code: 1 Message: The requested data is found and displayed. Layer: Employee DAO Layer
2023-08-03T06:46:19.949+05:30  INFO 8236 --- [http-nio-8080-exec-2] c.i.springbootjdbc.dao.EmployeeDaoImpl   : Id: 46 Status Code: 1 Message: The requested data is found and displayed. Layer: Employee DAO Layer
2023-08-03T06:46:19.953+05:30  INFO 8236 --- [http-nio-8080-exec-2] c.i.s.controller.EmployeeController      : Id: All Employees  Status Code: 1 Message: The requested data is found and displayed. Layer: Employee Controller 
2023-08-03T06:46:24.187+05:30  INFO 8236 --- [http-nio-8080-exec-3] c.i.s.controller.EmployeeController      : Id: 1 Status Code: 1 Message: The requested data is found and displayed. Layer: Employee Controller 
2023-08-03T06:46:24.192+05:30  INFO 8236 --- [http-nio-8080-exec-3] c.i.springbootjdbc.dao.EmployeeDaoImpl   : Id: Address Status Code: 1 Message: The requested data is found and displayed. Layer: Employee DAO Layer
2023-08-03T06:46:24.193+05:30  INFO 8236 --- [http-nio-8080-exec-3] c.i.springbootjdbc.dao.EmployeeDaoImpl   : Id: Role Status Code: 1 Message: The requested data is found and displayed. Layer: Employee DAO Layer
2023-08-03T06:46:24.193+05:30  INFO 8236 --- [http-nio-8080-exec-3] c.i.springbootjdbc.dao.EmployeeDaoImpl   : Id: 1 Status Code: 1 Message: The requested data is found and displayed. Layer: Employee DAO Layer
2023-08-03T06:46:32.697+05:30  INFO 8236 --- [http-nio-8080-exec-4] c.i.s.controller.EmployeeController      : Id: Akash Status Code :1 Mesage :The requested data is updated. Status Code: {} Message: {} Layer: Employee Controller 
2023-08-03T06:46:32.706+05:30  INFO 8236 --- [http-nio-8080-exec-4] c.i.springbootjdbc.dao.EmployeeDaoImpl   : Id: 2 Status Code: 1 Message: The requested data is updated. Layer: Employee DAO Layer
2023-08-03T06:46:32.707+05:30  INFO 8236 --- [http-nio-8080-exec-4] c.i.springbootjdbc.dao.EmployeeDaoImpl   : Id: Address Status Code: 1 Message: The requested data is found and displayed. Layer: Employee DAO Layer
2023-08-03T06:46:32.708+05:30  INFO 8236 --- [http-nio-8080-exec-4] c.i.springbootjdbc.dao.EmployeeDaoImpl   : Id: Role Status Code: 1 Message: The requested data is found and displayed. Layer: Employee DAO Layer
2023-08-03T06:46:32.708+05:30  INFO 8236 --- [http-nio-8080-exec-4] c.i.springbootjdbc.dao.EmployeeDaoImpl   : Id: 2 Status Code: 1 Message: The requested data is found and displayed. Layer: Employee DAO Layer
2023-08-03T06:46:32.711+05:30  INFO 8236 --- [http-nio-8080-exec-4] c.i.springbootjdbc.dao.AddressDaoImpl    : Id: 2 Status Code: 1 Message: The requested data is updated. Layer: Address DAO layer
2023-08-03T06:46:32.714+05:30  INFO 8236 --- [http-nio-8080-exec-4] c.isteer.springbootjdbc.dao.RoleDaoImpl  : Id: 7 Status Code: 1 Message: The requested data is updated. Layer: Role DAO Class
2023-08-03T06:46:32.714+05:30  INFO 8236 --- [http-nio-8080-exec-4] c.i.s.service.EmployeeService            : Id: 2 Status Code: 1 Message: The requested data is updated. Exception: {} Layer: Employee Service Class
2023-08-03T06:46:32.716+05:30  INFO 8236 --- [http-nio-8080-exec-4] c.i.springbootjdbc.dao.EmployeeDaoImpl   : Id: Address Status Code: 1 Message: The requested data is found and displayed. Layer: Employee DAO Layer
2023-08-03T06:46:32.716+05:30  INFO 8236 --- [http-nio-8080-exec-4] c.i.springbootjdbc.dao.EmployeeDaoImpl   : Id: Role Status Code: 1 Message: The requested data is found and displayed. Layer: Employee DAO Layer
2023-08-03T06:46:32.717+05:30  INFO 8236 --- [http-nio-8080-exec-4] c.i.springbootjdbc.dao.EmployeeDaoImpl   : Id: 2 Status Code: 1 Message: The requested data is found and displayed. Layer: Employee DAO Layer
2023-08-03T06:46:44.389+05:30  INFO 8236 --- [http-nio-8080-exec-5] c.i.s.controller.RoleController          : Id: 1 Status Code: 1 Message: The requested data is found and displayed. Layer: Role Controller
2023-08-03T06:46:44.394+05:30  INFO 8236 --- [http-nio-8080-exec-5] c.isteer.springbootjdbc.dao.RoleDaoImpl  : Id: 1 Status Code: 1 Message: The requested data is found and displayed. Layer: Role DAO Class
